<?xml version="1.0" encoding="UTF-8"?>
<!-- Generated by org.testng.reporters.JUnitReportReporter -->
<testsuite hostname="DESKTOP-A0EILAV" failures="0" tests="4" name="com.rest.DemoRestApi" time="8.070" errors="0" timestamp="2023-10-04T13:00:15 IST" skipped="0">
  <testcase classname="com.rest.DemoRestApi" name="GetUser" time="4.901"/>
  <system-out/>
  <testcase classname="com.rest.DemoRestApi" name="postRequest" time="1.557"/>
  <system-out/>
  <testcase classname="com.rest.DemoRestApi" name="putRequest" time="0.614"/>
  <system-out/>
  <testcase classname="com.rest.DemoRestApi" name="deleteRequest" time="0.998"/>
  <system-out/>
</testsuite> <!-- com.rest.DemoRestApi -->
