<?xml version="1.0" encoding="UTF-8"?>
<!-- Generated by org.testng.reporters.JUnitReportReporter -->
<testsuite hostname="DESKTOP-A0EILAV" failures="0" tests="1" name="com.rest.UsingJsonLibrary" time="7.352" errors="0" timestamp="2023-10-04T14:19:09 IST" skipped="0">
  <testcase classname="com.rest.UsingJsonLibrary" name="jsonlibrary" time="7.352"/>
  <system-out/>
</testsuite> <!-- com.rest.UsingJsonLibrary -->
