<?xml version="1.0" encoding="UTF-8"?>
<!-- Generated by org.testng.reporters.JUnitReportReporter -->
<testsuite hostname="DESKTOP-A0EILAV" failures="0" tests="1" name="com.rest.PostRequestusingHashMap" time="5.385" errors="0" timestamp="2023-10-04T13:23:41 IST" skipped="0">
  <testcase classname="com.rest.PostRequestusingHashMap" name="usinghashmap" time="5.385"/>
  <system-out/>
</testsuite> <!-- com.rest.PostRequestusingHashMap -->
